<?xml version="1.0" encoding="UTF-8"?>
<!-- Generated by org.testng.reporters.JUnitXMLReporter -->
<testsuite hostname="Vikram-PC" ignored="0" name="Test" tests="1" failures="0" timestamp="26 Feb 2019 12:29:53 GMT" time="0.158" errors="0">
  <testcase name="@BeforeTest DriverInitiation" time="0.131" classname="com.flaconi.TestCase.AddPerfumeToCartTestCase">
    <failure type="java.lang.IllegalStateException" message="The driver executable does not exist: C:\Flaconi\FlaconiProjectC:\Project\Resources\driver\chromedriver.exe">
      <![CDATA[java.lang.IllegalStateException: The driver executable does not exist: C:\Flaconi\FlaconiProjectC:\Project\Resources\driver\chromedriver.exe
at com.google.common.base.Preconditions.checkState(Preconditions.java:585)
at org.openqa.selenium.remote.service.DriverService.checkExecutable(DriverService.java:146)
at org.openqa.selenium.remote.service.DriverService.findExecutable(DriverService.java:141)
at org.openqa.selenium.chrome.ChromeDriverService.access$000(ChromeDriverService.java:35)
at org.openqa.selenium.chrome.ChromeDriverService$Builder.findDefaultExecutable(ChromeDriverService.java:159)
at org.openqa.selenium.remote.service.DriverService$Builder.build(DriverService.java:355)
at org.openqa.selenium.chrome.ChromeDriverService.createDefaultService(ChromeDriverService.java:94)
at org.openqa.selenium.chrome.ChromeDriver.<init>(ChromeDriver.java:123)
at com.flaconi.testRequistie.DriverInitiate.initiateDriver(DriverInitiate.java:16)
at com.flaconi.TestCase.AddPerfumeToCartTestCase.DriverInitiation(AddPerfumeToCartTestCase.java:33)
... Removed 28 stack frames]]>
    </failure>
  </testcase> <!-- @BeforeTest DriverInitiation -->
  <testcase name="@AfterTest DriverClose" time="0.0" classname="com.flaconi.TestCase.AddPerfumeToCartTestCase">
    <skipped/>
  </testcase> <!-- @AfterTest DriverClose -->
  <testcase name="flaconiUserJourney" time="0.0" classname="com.flaconi.TestCase.AddPerfumeToCartTestCase">
    <skipped/>
  </testcase> <!-- flaconiUserJourney -->
</testsuite> <!-- Test -->
