<?xml version="1.0" encoding="UTF-8"?>
<testng-results skipped="0" failed="0" ignored="0" total="1" passed="1">
  <reporter-output>
  </reporter-output>
  <suite name="Suite" duration-ms="36922" started-at="2019-02-26T11:42:04Z" finished-at="2019-02-26T11:42:41Z">
    <groups>
    </groups>
    <test name="Test" duration-ms="36922" started-at="2019-02-26T11:42:04Z" finished-at="2019-02-26T11:42:41Z">
      <class name="com.flaconi.TestCase.AddPerfumeToCartTestCase">
        <test-method status="PASS" signature="DriverInitiation()[pri:0, instance:com.flaconi.TestCase.AddPerfumeToCartTestCase@6574b225]" name="DriverInitiation" is-config="true" duration-ms="5222" started-at="2019-02-26T11:42:04Z" finished-at="2019-02-26T11:42:10Z">
          <reporter-output>
          </reporter-output>
        </test-method> <!-- DriverInitiation -->
        <test-method status="PASS" signature="flaconiUserJourney()[pri:0, instance:com.flaconi.TestCase.AddPerfumeToCartTestCase@6574b225]" name="flaconiUserJourney" duration-ms="29554" started-at="2019-02-26T11:42:10Z" finished-at="2019-02-26T11:42:39Z">
          <reporter-output>
          </reporter-output>
        </test-method> <!-- flaconiUserJourney -->
        <test-method status="PASS" signature="DriverClose()[pri:0, instance:com.flaconi.TestCase.AddPerfumeToCartTestCase@6574b225]" name="DriverClose" is-config="true" duration-ms="2117" started-at="2019-02-26T11:42:39Z" finished-at="2019-02-26T11:42:41Z">
          <reporter-output>
          </reporter-output>
        </test-method> <!-- DriverClose -->
      </class> <!-- com.flaconi.TestCase.AddPerfumeToCartTestCase -->
    </test> <!-- Test -->
  </suite> <!-- Suite -->
</testng-results>
